<?xml version="1.0" encoding="UTF-8"?>
<!-- Generated by org.testng.reporters.JUnitXMLReporter -->
<testsuite hostname="hp-HP" ignored="2" name="Login Regression Suite" tests="1" failures="0" timestamp="29 Jun 2019 06:29:03 GMT" time="59.511" errors="0">
  <testcase name="@AfterMethod closeApp" time="0.0" classname="com.mercury.test.LoginRegressionSuite">
    <failure type="java.lang.NullPointerException">
      <![CDATA[java.lang.NullPointerException
	at com.mercury.test.LoginRegressionSuite.closeApp(LoginRegressionSuite.java:110)
... Removed 27 stack frames]]>
    </failure>
  </testcase> <!-- @AfterMethod closeApp -->
  <testcase name="@AfterClass reportWriter" time="0.0" classname="com.mercury.test.LoginRegressionSuite">
    <skipped/>
  </testcase> <!-- @AfterClass reportWriter -->
  <testcase name="verifyDataDrivenLogin" time="49.936" classname="com.mercury.test.LoginRegressionSuite"/>
  <testcase name="verifyValidLogin" time="0.0" classname="com.mercury.test.LoginRegressionSuite">
    <ignored/>
  </testcase> <!-- verifyValidLogin -->
  <testcase name="verifyInvalidLogin" time="0.0" classname="com.mercury.test.LoginRegressionSuite">
    <ignored/>
  </testcase> <!-- verifyInvalidLogin -->
</testsuite> <!-- Login Regression Suite -->
